<?xml version="1.0" encoding="UTF-8"?>
<testng-results ignored="0" total="2" passed="2" failed="0" skipped="0">
  <reporter-output>
  </reporter-output>
  <suite started-at="2024-03-21T00:09:45 IST" name="Suite" finished-at="2024-03-21T00:09:45 IST" duration-ms="107">
    <groups>
    </groups>
    <test started-at="2024-03-21T00:09:45 IST" name="Test" finished-at="2024-03-21T00:09:45 IST" duration-ms="107">
      <class name="MavenJenkins.FourTest">
        <test-method signature="mFour()[pri:0, instance:MavenJenkins.FourTest@45099dd3]" started-at="2024-03-21T00:09:45 IST" name="mFour" finished-at="2024-03-21T00:09:45 IST" duration-ms="3" status="PASS">
          <reporter-output>
          </reporter-output>
        </test-method> <!-- mFour -->
      </class> <!-- MavenJenkins.FourTest -->
      <class name="MavenJenkins.ThreeTest">
        <test-method signature="mThree()[pri:0, instance:MavenJenkins.ThreeTest@2e6a8155]" started-at="2024-03-21T00:09:45 IST" name="mThree" finished-at="2024-03-21T00:09:45 IST" duration-ms="13" status="PASS">
          <reporter-output>
          </reporter-output>
        </test-method> <!-- mThree -->
      </class> <!-- MavenJenkins.ThreeTest -->
    </test> <!-- Test -->
  </suite> <!-- Suite -->
</testng-results>
